T: 2015-10-07 22:06:59 #1 Log
T: 2015-10-07 22:09:35 #2 Log
신림동
대명동
교동
연산동
주안동
비산동
신정동
봉천동
화곡동
면목동
중동
미아동
태평동
신월동
신길동
수유동
부곡동
송정동
산정동
평리동
온천동
남산동
대연동
괴정동
상동
안양동
서동
신흥동
부평동
용현동
상도동
자양동
사직동
신암동
구로동
중곡동
지산동
장위동
화정동
반송동
신당동
청학동
신천동
광명동
용두동
송현동
봉명동
상계동
문화동
정왕동
독산동
문현동
중앙동
시흥동
산격동
사당동
방배동
월산동
수정동
의정부동
읍내동
광안동
우암동
응암동
천호동
구포동
상봉동
목동
숭의동
논현동
가좌동
상대원동
성내동
우산동
구암동
용당동
십정동
내동
정릉동
중리동
간석동
세류동
가능동
범천동
봉덕동
태화동
신사동
구월동
만촌동
효자동
도마동
범일동
전포동
성남동
산성동
도화동
신안동
용호동
홍제동
초량동
감천동
이문동
범어동
대림동
가양동
심곡동
봉곡동
양정동
창동
석남동
송림동
봉산동
갈현동
사동
신장동
삼성동
신평동
대흥동
반여동
호계동
연희동
내당동
불광동
역삼동
동천동
죽도동
구의동
만수동
부암동
망미동
산곡동
두암동
오정동
금곡동
금광동
회원동
거제동
망우동
이동
복대동
금암동
내덕동
생연동
두류동
중흥동
서정동
일도이동
개봉동
가야동
효목동
쌍문동
영주동
당감동
홍은동
오류동
수진동
중화동
장안동
주례동
인후동1가
대저2동
일산동
전농동
야음동
본오동
상대동
계림동
구산동
황지동
정자동
쌍촌동
교현동
제기동
휴천동
소사본동
이도이동
석관동
안락동
명륜동
장전동
해도동
유천동
황금동
서초동
동산동
무거동
방학동
장림동
달동
대천동
성북동
산수동
평화동
양덕동
성정동
신기동
연동
삼산동
고잔동
방어동
장성동
흑석동
신동
대화동
합성동
남중동
원성동
주월동
남부민동
발한동
연지동
계산동
서교동
원평동
용산동
수택동
산호동
청천동
만덕동
합정동
연수동
동문동
동삼동
대저1동
학성동
부전동
번동
방화동
학동
역촌동
인계동
마천동
침산동
초읍동
좌천동
송도동
감만동
상평동
답십리동
은행동
감전동
포남동
경화동
후평동
부개동
월계동
운암동
대도동
동명동
태전동
관양동
덕풍동
노량진동
원동
묵동
명장동
감삼동
용봉동
삼정동
강동동
명서동
노암동
진북동
심곡본동
이태원동
성건동
변동
갈산동
농성동
망원동
반구동
휘경동
대현동
여좌동
방촌동
덕포동
도봉동
성당동
영화동
개금동
하단동
암사동
노형동
아미동2가
북아현동
북가좌동
하대동
성수동2가
창신동
덕천동
한남동
창전동
대조동
수곡동
양동
모충동
매탄동
고척동
서귀동
단구동
도남동
우동
금촌동
군자동
하월곡동
상인동
화전동
효자동3가
원미동
양재동
와동
학익동
탑동
녹번동
대성동
석수동
점촌동
공릉동
가흥동
민락동
노원동3가
용담이동
죽교동
모전동
용문동
비전동
갈마동
남가좌동
성산동
대방동
산북동
석전동
토평동
선부동
마동
고현동
재송동
신곡동
선화동
원종동
태장동
지동
당동
고강동
조양동
효자동1가
전하동
삼도일동
서신동
송내동
거여동
단계동
용강동
신가동
도림동
중화산동2가
화서동
보광동
괘법동
정발산동
백석동
오치동
중산동
망경동
성수동1가
하망동
교문동
삼문동
남외동
용상동
암남동
금호동
방이동
모라동
대동
구서동
중노송동
작전동
대치동
풍납동
백운동
종암동
신풍동
이현동
용전동
옥천동
고등동
상남동
용암동
신촌동
화양동
이천동
반월동
오산동
가경동
신대방동
매곡동
내이동
시기동
가곡동
청전동
권선동
죽전동
영등동
후암동
사창동
효성동
길음동
인후동2가
옥계동
석교동
삼천동1가
우만동
호원동
옥동
도당동
청량리동
화산동
요촌동
연무동
석촌동
삼락동
가락동
사정동
공항동
삼방동
조원동
율하동
숭인동
명지동
남천동
강정동
수성동
대신동
서호동
중방동
신읍동
불로동
연남동
옥포동
송파동
신부동
문정동
팔용동
잠실동
동홍동
일동
신창동
서부동
대야동
장대동
삼전동
산본동
대봉동
마장동
금천동
다대동
남성동
길동
등촌동
장기동
월평동
봉방동
행당동
동대동
서대신동3가
성석동
송촌동
광천동
학장동
석사동
당리동
공덕동
옥산동
중계동
방림동
두정동
용운동
금정동
천곡동
오금동
서홍동
복산동
사림동
토당동
옥봉동
임동
동대신동2가
쌍용동
내곡동
용답동
개운동
나운동
복현동
서상동
용정동
괴안동
월곡동
연향동
능동
염리동
용계동
소하동
장항동
반포동
대포동
소태동
덕암동
진천동
문수동
수영동
옥련동
두산동
신탄진동
덕계동
구평동
덕진동1가
인의동
궁동
형곡동
송천동1가
박달동
원곡동
서둔동
장동
자산동
소룡동
조촌동
국동
성동동
남양동
다운동
파장동
취암동
삼도이동
고색동
용해동
부사동
삼호동
모현동1가
초장동
청담동
용흥동
파동
조례동
탄방동
엄궁동
죽림동
우아동3가
주교동
경안동
수송동
덕이동
경암동
수색동
철산동
금오동
화장동
퇴계동
명동
풍덕동
평창동
외동
용담일동
양산동
용화동
남정동
통복동
김량장동
용원동
벌리동
진평동
우정동
소사동
가리봉동
성안동
용산동2가
칠성동2가
원당동
풍향동
봉황동
월영동
동교동
황학동
동동
신흑동
동대신동3가
가장동
신관동
부원동
아현동
신봉동
반지동
건입동
증산동
교방동
문흥동
금동
북정동
우두동
문창동
사파동
송학동
화북일동
서대신동2가
인사동
북신동
서서학동
내손동
동상동
창천동
송죽동
역곡동
도천동
동호동
행신동
도산동
하동
평거동
대사동
어방동
완산동
지곡동
노원동2가
인창동
평촌동
가산동
광무동
삼동
별내동
신수동
회성동
관산동
미평동
율량동
보수동1가
구운동
선구동
지저동
석현동
정량동
산남동
개포동
흥덕동
신갈동
대잠동
신현동
완월동
관설동
도량동
본동
세교동
학산동
북부동
성곡동
월피동
춘의동
장천동
정상동
삼계동
연암동
동패동
황성동
도계동
충효동
묵호진동
관음동
황오동
상패동
정하동
평산동
영천동
신선동2가
지현동
원대동3가
덕진동2가
임당동
향촌동
안녕동
가정동
사우동
검사동
범전동
선원동
영선동4가
경서동
칠암동
옥암동
옥룡동
조곡동
고덕동
향교동
효자동2가
내유동
율전동
성사동
팔복동2가
작동
입석동
야당동
상암동
우이동
동금동
수동
오동동
신음동
둔산동
동대신동1가
비래동
풍암동
판암동
신선동3가
화수동
이도일동
영운동
설문동
마전동
과림동
봉선동
홍도동
광영동
궐동
입암동
무전동
모암동
운천동
선암동
둔촌동
계수동
풍동
화명동
호근동
유동
대부북동
아라일동
이곡동
장평동
남노송동
월성동
만석동
풍덕천동
다가동
소촌동
중부동
서계동
유곡동
사곡동
검암동
거모동
일패동
역북동
소답동
중문동
자은동
평택동
인제동
중앙로2가
회기동
봉암동
대부남동
삼학동
성황동
구성동
하효동
도통동
권곡동
식사동
고암동
평동
매교동
석동
운북동
내발산동
신용동
마두동
주현동
양림동
도동
도원동
진안동
검단동
구미동
무실동
선단동
칠산동
수성동1가
신방동
장승포동
녹양동
봉래동5가
금사동
안산동
수성동2가
금호동3가
운남동
대안동
남촌동
노고산동
석림동
북변동
남현동
능포동
이로동
송산동
청호동
동서학동
구룡동
공화동
관동동
을왕동
문학동
명륜3가
동충동
마평동
수성동4가
고기동
내일동
봉래동4가
삼송동
왕길동
당정동
영통동
가수원동
소제동
오전동
삼선동1가
칠금동
상지석동
야탑동
노학동
동림동
덕은동
검산동
의림동
저전동
호동
약사동
근화동
신내동
효창동
일원동
충무동
지금동
부창동
서산동
대교동
낙양동
외도일동
초이동
이창동
곡반정동
금성동
화봉동
야사동
수안동
서노송동
안흥동
원천동
석봉동
법환동
임학동
고림동
동부동
중대동
평화동1가
아주동
복수동
감북동
신효동
일곡동
동외동
신도림동
복정동
대자동
오식도동
분평동
모종동
서운동
남동
연등동
상효동
유방동
장락동
비하동
명일동
대장동
보목동
갈매동
서대신동1가
과천동
사리현동
한강로3가
초전동
서문동
단월동
두호동
보정동
하대원동
부송동
도곡동
수완동
비아동
대부동동
염포동
신대동
덕정동
호산동
중촌동
소계동
충신동
채운동
정림동
영랑동
상도1동
목현동
청림동
하왕십리동
청파동1가
동두천동
두구동
인화동1가
공평동
봉림동
풍무동
오라이동
화목동
당하동
지좌동
서변동
일도일동
태인동
상예동
광암동
대곡동
하안동
치평동
관문동
상월곡동
덕충동
목행동
상망동
무양동
방산동
화북이동
당산동1가
진장동
삼각동
월암동
범물동
신성동
보산동
행구동
지축동
진월동
금릉동
문원동
화지동
고양동
송천동2가
명천동
신서동
영동
동인동4가
금호동4가
인평동
금강동
법곳동
개신동
안기동
전동
구갈동
수석동
본리동
봉평동
판교동
청룡동
동인동3가
관고동
잠원동
신선동1가
원내동
철암동
사천동
계동
양평동1가
장사동
문발동
교촌동
효가동
동춘동
장지동
일신동
탄벌동
동삭동
서흥남동
안현동
천동
평내동
안서동
동완산동
평화동2가
금호동1가
도농동
사근동
미산동
노온사동
죽동
대원동
동현동
약대동
호평동
신영동
단대동
봉래동
경장동
성호동
하산곡동
종화동
달천동
중앙동3가
공단동
여월동
초지동
양지동
서성동
지행동
역동
여의동
서창동
해망동
송포동
홍문동
방축동
용담동
영등포동
북동
송월동
회동동
천현동
장암동
소호동
감정동
오룡동
봉강동
아동동
칠성동1가
하소동
태백동
호남동
운서동
장수동
금학동
봉양동
녹산동
남문동
조영동
분당동
남부동
온의동
하원동
상수동
항동
여서동
복천동
안동
삼북동
상모동
지영동
수청동
영덕동
원효로1가
노원동1가
상동동
용동
복룡동
미수동
명정동
소주동
지내동
남항동3가
반곡동
예천동
전민동
신매동
황남동
각화동
가운동
대청동4가
아라이동
덕산동
문래동4가
왕정동
삼양일동
오목천동
이패동
옥길동
월곶동
당저동
우아동2가
운교동
여천동
송천동
덕곡동
어양동
서석동
관저동
덕월동
남창동
관교동
건건동
율동
용이동
인동
대청동
중앙동2가
달성동
주약동
안림동
동숭동
어곡동
판문동
매산로3가
동백동
이충동
서현동
현천동
문봉동
옥교동
충정로3가
수성동3가
지족동
현암동
이화동
묘도동
계양동
관평동
주중동
신설동
노서동
냉림동
금노동
대덕동
화평동
낙민동
도내동
미룡동
황상동
안암동5가
염창동
국우동
운중동
고소동
선학동
성화동
도일동
장덕동
시래동
창인동1가
대정동
항남동
가학동
흥동
노은동
감일동
낭월동
유촌동
시지동
중앙동4가
삼천동3가
오태동
학정동
고사동
장충동2가
온금동
호암동
봉개동
상산곡동
항동7가
회덕동
고매동
둔덕동
연제동
상서동
중앙동1가
백천동
안골동
운양동
동빙고동
구기동
신원동
가현동
신흥동3가
강남동
사노동
원대동1가
상일동
마륵동
팔복동1가
옥야동
북성동1가
행촌동
실옥동
매천동
양천동
삼숭동
고성동1가
임은동
천천동
우아동1가
벽제동
당산동3가
구정동
상봉암동
청파동3가
본촌동
삼천동2가
죽항동
남방동
동광동5가
중학동
상하동
정동
영성동
사농동
문외동
하예동
도순동
삼양이동
소양로2가
광평동
가오동
해안동
신문동
삼청동
고천동
마북동
영산동
고산동
인왕동
광장동
낙원동
경호동
부민동3가
삼선동2가
내방동
삼덕동3가
춘궁동
수월동
신흥동1가
대인동
인화동2가
설운동
불당동
점봉동
매화동
송월동1가
주남동
신백동
병점동
도련일동
안막동
색달동
녹동역
소태역
증심사입구역
남광주역
문화전당역
금남로4가역
금남로5가역
양동시장역
돌고개역
농성역
화정역
쌍촌역
운천역
상무역
김대중컨벤션센터역
마륵역
공항역
송정공원역
광주송정역
도산역
평동역
반석역
지족역
노은역
월드컵경기장역
현충원역
구암역
유성온천역
갑천역
월평역
갈마역
정부청사역
시청역
탄방역
용문역
오룡역
서대전네거리역
중구청역
중앙로역
대전역
대동역
신흥역
문양역
다사역
대실역
강창역
계명대역
성서산업단지역
이곡역
용산역
죽전역
감삼역
두류역
내당역
반고개역
신남역
반월당역
경대병원역
대구은행역
범어역
수성구청역
만촌역
담티역
연호역
대공원역
고산역
신매역
사월역
정평역
임당역
영남대역
학정역
팔거역
동천역
칠곡운암역
구암역
태전역
매천역
매천시장역
팔달역
공단역
만평역
팔달시장역
원대역
북구청역
달성공원역
서문시장역
신남역
남산역
명덕역
건들바위역
대봉교역
수성시장역
수성구민운동장역
어린이회관역
황금역
수성못역
지산역
범물역
용지역
대곡역
진천역
월배역
상인역
월촌역
송현역
성당못역
대명역
안지랑역
현충로역
영대병원역
교대역
명덕역
반월당역
중앙로역
대구역
칠성시장역
신천역
경북대입구역
경대입구역
동대구역
큰고개역
아양교역
동촌역
해안역
방촌역
용계역
율하역
신기역
반야월역
각산역
안심역
가능역
가락시장역
가산디지털단지역
가양역
가좌역
가천대역
가평역
간석역
간석오거리역
갈매역
갈산역
강남역
강남구청역
강남대역
강동역
강동구청역
강매역
강변역
강촌역
개롱역
개봉역
개포동역
개화역
개화산역
거여역
건대입구역
검암역
경기도청북부청사역
경마공원역
경복궁역
경인교대입구역
경전철의정부역
경찰병원역
계산역
계양역
고덕역
고려대역
고속터미널역
고잔역
고진역
곡산역
곤제역
공덕역
공릉역
공항시장역
공항화물청사역
과천역
관악역
광나루역
광명역
광명사거리역
광운대역
광화문역
광흥창역
교대역
구로역
구로디지털단지역
구룡역
구리역
구반포역
구산역
구성역
구의역
구일역
구파발역
국수역
국제업무지구역
국회의사당역
군자역
군포역
굴봉산역
굴포천역
굽은다리역
귤현역
금곡역
금릉역
금정역
금천구청역
금촌역
금호역
기흥역
길동역
길음역
김량장역
김유정역
김포공항역
까치산역
까치울역
낙성대역
남구로역
남동인더스파크역
남부터미널역
남성역
남영역
남춘천역
남태령역
남한산성입구역
내방역
노들역
노량진역
노량진역
9호선역
노원역
녹번역
녹사평역
녹양역
녹천역
논현역
능곡역
단대오거리역
달월역
답십리역
당고개역
당산역
당정역
대곡역
대공원역
대림역
대모산입구역
대방역
대성리역
대야미역
대청역
대치역
대화역
대흥역
덕계역
덕소역
덕정역
도곡역
도농역
도림천역
도봉역
도봉산역
도심역
도원역
도화역
독립문역
독바위역
독산역
돌곶이역
동대문역
동대문역사문화공원역
동대입구역
동두천역
동두천중앙역
동막역
동묘앞역
동백역
동수역
동암역
동오역
동인천역
동작역
동춘역
두정역
둔전역
둔촌동역
등촌역
디지털미디어시티역
뚝섬역
뚝섬유원지역
마곡역
마곡나루역
마두역
마들역
마석역
마장역
마전역
무정차역
마천역
마포역
마포구청역
망우역
망원역
망월사역
망포역
매교역
매봉역
매탄권선역
먹골역
면목역
명동역
명일역
명지대역
명학역
모란역
목동역
몽촌토성역
무악재역
문래역
문산역
문정역
문학경기장역
미금역
미아역
미아사거리역
박촌역
반월역
반포역
발곡역
발산역
방배역
방이역
방학역
방화역
배방역
백마역
백석역
백양리역
백운역
버티고개역
범계역
범골역
별내역
병점역
보라매역
보문역
보산역
보정역
보평역
복정역
봉명역
봉은사역
봉천역
봉화산역
부개역
부천역
부천시청역
부천종합운동장역
부평역
부평구청역
부평삼거리역
부평시장역
불광역
사가정역
사당역
사릉역
사평역
산본역
산성역
삼가역
삼각지역
삼산체육관역
삼성역
삼성중앙역
삼송역
상갈역
상계역
상도역
상동역
상록수역
상봉역
상수역
상왕십리역
상월곡역
상일동역
상천역
새말역
새절역
샛강역
서강대역
서대문역
서동탄역
서빙고역
서울역
서울역
경의중앙선역
서울대입구역
서울숲역
서정리역
서초역
서현역
석계역
석수역
석촌역
선릉역
선바위역
선유도역
선정릉역
선학역
성균관대역
성수역
성신여대입구역
성환역
세류역
세마역
센트럴파크역
소래포구역
소사역
소요산역
송내역
송도역
송산역
송정역
송탄역
송파역
수내역
수락산역
수리산역
수색역
수서역
수원역
수원시청역
수유역
수진역
숙대입구역
숭실대입구역
시청역
용인대역
신갈역
신금호역
신길역
신길온천역
신내역
신논현역
신답역
신당역
신대방역
신대방삼거리역
신도림역
신림역
신목동역
신반포역
신방화역
신사역
신설동역
신연수역
신용산역
신원역
신이문역
신정역
신정네거리역
신중동역
신창역
신천역
신촌역
신촌역
경의중앙선역
신풍역
신흥역
쌍문역
쌍용역
나사렛대역
아산역
아신역
아차산역
아현역
안국역
안산역
안암역
안양역
암사역
압구정역
압구정로데오역
애오개역
야탑역
약수역
양수역
양원역
양재역
양재시민의숲역
양정역
양주역
양천구청역
양천향교역
양평역
양평역
경의중앙선역
어룡역
어린이대공원역
어정역
언주역
여의나루역
여의도역
역곡역
역삼역
역촌역
연수역
연신내역
염창역
영등포역
영등포구청역
영등포시장역
영통역
예술회관역
오금역
오류동역
오리역
오목교역
오빈역
오산역
오산대역
오이도역
옥수역
온수역
온양온천역
올림픽공원역
왕십리역
외대앞역
용답역
용두역
용마산역
용문역
용산역
우장산역
운길산역
운동장·송담대역
운서역
운정역
원당역
원덕역
원인재역
원흥역
월계역
월곡역
월곶역
월드컵경기장역
월롱역
을지로3가역
을지로4가역
을지로입구역
응봉역
응암역
의왕역
의정부역
의정부시청역
의정부중앙역
이대역
이매역
이촌역
이태원역
인덕원역
인천역
인천국제공항역
인천논현역
인천대입구역
인천시청역
인천터미널역
일산역
일원역
임학역
작전역
잠실역
잠실나루역
잠원역
장승배기역
장암역
장지역
장한평역
전대·에버랜드역
정발산역
정부과천청사역
정왕역
정자역
제기동역
제물포역
종각역
종로3가역
종로5가역
종합운동장역
주안역
주엽역
죽전역
중계역
중곡역
중동역
중랑역
중앙역
중화역
증미역
증산역
지석역
지식정보단지역
지제역
지축역
지행역
직산역
진위역
창동역
창신역
천마산역
천안역
천왕역
천호역
철산역
청계산입구역
청구역
청담역
청라국제도시역
청량리역
청명역
청평역
초당역
초지역
총신대입구역
이수역
춘의역
춘천역
충무로역
충정로역
캠퍼스타운역
탄현역
탑석역
탕정역
태릉입구역
태평역
테크노파크역
퇴계원역
파주역
판교역
팔당역
평내호평역
평촌역
평택역
풍기역
풍산역
하계역
학동역
학여울역
한강진역
한남역
한대앞역
한성대입구역
한양대역
한티역
합정역
행당역
행신역
혜화역
호구포역
홍대입구역
홍제역
화곡역
화랑대역
화서역
화전역
화정역
회기역
회룡역
회현역
효자역
효창공원앞역
흑석역
흥선역
미남역
동래역
수안역
낙민역
충렬사역
명장역
서동역
금사역
반여농산물시장역
석대역
영산대역
동부산대학교역
고촌역
안평역
수영역
망미역
배산역
물만골역
연산역
거제역
종합운동장역
사직역
미남역
만덕역
남산정역
숙등역
덕천역
구포역
강서구청역
체육공원역
대저역
장산역
중동역
해운대역
동백역
시립미술관역
센텀시티역
민락역
수영역
광안역
금련산역
남천역
경성대역
부경대역
대연역
못골역
지게골역
문현역
국제금융센터역
부산은행역
전포역
서면역
부암역
가야역
동의대역
개금역
냉정역
주례역
감전역
사상역
덕포역
모덕역
모라역
구남역
구명역
덕천역
수정역
화명역
율리역
동원역
금곡역
호포역
부산대양산캠퍼스역
남양산역
양산역
신평역
하단역
당리역
사하역
괴정역
대티역
서대신역
동대신역
토성역
자갈치역
남포역
중앙역
부산역
초량역
부산진역
좌천역
범일역
범내골역
서면역
부전역
양정역
시청역
연산역
교대역
동래역
명륜역
온천장역
부산대역
장전역
구서역
두실역
남산역
범어사역
노포역
T: 2015-10-07 22:09:59 #3 Log
[ '신림동',
  '대명동',
  '교동',
  '연산동',
  '주안동',
  '비산동',
  '신정동',
  '봉천동',
  '화곡동',
  '면목동',
  '중동',
  '미아동',
  '태평동',
  '신월동',
  '신길동',
  '수유동',
  '부곡동',
  '송정동',
  '산정동',
  '평리동',
  '온천동',
  '남산동',
  '대연동',
  '괴정동',
  '상동',
  '안양동',
  '서동',
  '신흥동',
  '부평동',
  '용현동',
  '상도동',
  '자양동',
  '사직동',
  '신암동',
  '구로동',
  '중곡동',
  '지산동',
  '장위동',
  '화정동',
  '반송동',
  '신당동',
  '청학동',
  '신천동',
  '광명동',
  '용두동',
  '송현동',
  '봉명동',
  '상계동',
  '문화동',
  '정왕동',
  '독산동',
  '문현동',
  '중앙동',
  '시흥동',
  '산격동',
  '사당동',
  '방배동',
  '월산동',
  '수정동',
  '의정부동',
  '읍내동',
  '광안동',
  '우암동',
  '응암동',
  '천호동',
  '구포동',
  '상봉동',
  '목동',
  '숭의동',
  '논현동',
  '가좌동',
  '상대원동',
  '성내동',
  '우산동',
  '구암동',
  '용당동',
  '십정동',
  '내동',
  '정릉동',
  '중리동',
  '간석동',
  '세류동',
  '가능동',
  '범천동',
  '봉덕동',
  '태화동',
  '신사동',
  '구월동',
  '만촌동',
  '효자동',
  '도마동',
  '범일동',
  '전포동',
  '성남동',
  '산성동',
  '도화동',
  '신안동',
  '용호동',
  '홍제동',
  '초량동',
  '감천동',
  '이문동',
  '범어동',
  '대림동',
  '가양동',
  '심곡동',
  '봉곡동',
  '양정동',
  '창동',
  '석남동',
  '송림동',
  '봉산동',
  '갈현동',
  '사동',
  '신장동',
  '삼성동',
  '신평동',
  '대흥동',
  '반여동',
  '호계동',
  '연희동',
  '내당동',
  '불광동',
  '역삼동',
  '동천동',
  '죽도동',
  '구의동',
  '만수동',
  '부암동',
  '망미동',
  '산곡동',
  '두암동',
  '오정동',
  '금곡동',
  '금광동',
  '회원동',
  '거제동',
  '망우동',
  '이동',
  '복대동',
  '금암동',
  '내덕동',
  '생연동',
  '두류동',
  '중흥동',
  '서정동',
  '일도이동',
  '개봉동',
  '가야동',
  '효목동',
  '쌍문동',
  '영주동',
  '당감동',
  '홍은동',
  '오류동',
  '수진동',
  '중화동',
  '장안동',
  '주례동',
  '인후동1가',
  '대저2동',
  '일산동',
  '전농동',
  '야음동',
  '본오동',
  '상대동',
  '계림동',
  '구산동',
  '황지동',
  '정자동',
  '쌍촌동',
  '교현동',
  '제기동',
  '휴천동',
  '소사본동',
  '이도이동',
  '석관동',
  '안락동',
  '명륜동',
  '장전동',
  '해도동',
  '유천동',
  '황금동',
  '서초동',
  '동산동',
  '무거동',
  '방학동',
  '장림동',
  '달동',
  '대천동',
  '성북동',
  '산수동',
  '평화동',
  '양덕동',
  '성정동',
  '신기동',
  '연동',
  '삼산동',
  '고잔동',
  '방어동',
  '장성동',
  '흑석동',
  '신동',
  '대화동',
  '합성동',
  '남중동',
  '원성동',
  '주월동',
  '남부민동',
  '발한동',
  '연지동',
  '계산동',
  '서교동',
  '원평동',
  '용산동',
  '수택동',
  '산호동',
  '청천동',
  '만덕동',
  '합정동',
  '연수동',
  '동문동',
  '동삼동',
  '대저1동',
  '학성동',
  '부전동',
  '번동',
  '방화동',
  '학동',
  '역촌동',
  '인계동',
  '마천동',
  '침산동',
  '초읍동',
  '좌천동',
  '송도동',
  '감만동',
  '상평동',
  '답십리동',
  '은행동',
  '감전동',
  '포남동',
  '경화동',
  '후평동',
  '부개동',
  '월계동',
  '운암동',
  '대도동',
  '동명동',
  '태전동',
  '관양동',
  '덕풍동',
  '노량진동',
  '원동',
  '묵동',
  '명장동',
  '감삼동',
  '용봉동',
  '삼정동',
  '강동동',
  '명서동',
  '노암동',
  '진북동',
  '심곡본동',
  '이태원동',
  '성건동',
  '변동',
  '갈산동',
  '농성동',
  '망원동',
  '반구동',
  '휘경동',
  '대현동',
  '여좌동',
  '방촌동',
  '덕포동',
  '도봉동',
  '성당동',
  '영화동',
  '개금동',
  '하단동',
  '암사동',
  '노형동',
  '아미동2가',
  '북아현동',
  '북가좌동',
  '하대동',
  '성수동2가',
  '창신동',
  '덕천동',
  '한남동',
  '창전동',
  '대조동',
  '수곡동',
  '양동',
  '모충동',
  '매탄동',
  '고척동',
  '서귀동',
  '단구동',
  '도남동',
  '우동',
  '금촌동',
  '군자동',
  '하월곡동',
  '상인동',
  '화전동',
  '효자동3가',
  '원미동',
  '양재동',
  '와동',
  '학익동',
  '탑동',
  '녹번동',
  '대성동',
  '석수동',
  '점촌동',
  '공릉동',
  '가흥동',
  '민락동',
  '노원동3가',
  '용담이동',
  '죽교동',
  '모전동',
  '용문동',
  '비전동',
  '갈마동',
  '남가좌동',
  '성산동',
  '대방동',
  '산북동',
  '석전동',
  '토평동',
  '선부동',
  '마동',
  '고현동',
  '재송동',
  '신곡동',
  '선화동',
  '원종동',
  '태장동',
  '지동',
  '당동',
  '고강동',
  '조양동',
  '효자동1가',
  '전하동',
  '삼도일동',
  '서신동',
  '송내동',
  '거여동',
  '단계동',
  '용강동',
  '신가동',
  '도림동',
  '중화산동2가',
  '화서동',
  '보광동',
  '괘법동',
  '정발산동',
  '백석동',
  '오치동',
  '중산동',
  '망경동',
  '성수동1가',
  '하망동',
  '교문동',
  '삼문동',
  '남외동',
  '용상동',
  '암남동',
  '금호동',
  '방이동',
  '모라동',
  '대동',
  '구서동',
  '중노송동',
  '작전동',
  '대치동',
  '풍납동',
  '백운동',
  '종암동',
  '신풍동',
  '이현동',
  '용전동',
  '옥천동',
  '고등동',
  '상남동',
  '용암동',
  '신촌동',
  '화양동',
  '이천동',
  '반월동',
  '오산동',
  '가경동',
  '신대방동',
  '매곡동',
  '내이동',
  '시기동',
  '가곡동',
  '청전동',
  '권선동',
  '죽전동',
  '영등동',
  '후암동',
  '사창동',
  '효성동',
  '길음동',
  '인후동2가',
  '옥계동',
  '석교동',
  '삼천동1가',
  '우만동',
  '호원동',
  '옥동',
  '도당동',
  '청량리동',
  '화산동',
  '요촌동',
  '연무동',
  '석촌동',
  '삼락동',
  '가락동',
  '사정동',
  '공항동',
  '삼방동',
  '조원동',
  '율하동',
  '숭인동',
  '명지동',
  '남천동',
  '강정동',
  '수성동',
  '대신동',
  '서호동',
  '중방동',
  '신읍동',
  '불로동',
  '연남동',
  '옥포동',
  '송파동',
  '신부동',
  '문정동',
  '팔용동',
  '잠실동',
  '동홍동',
  '일동',
  '신창동',
  '서부동',
  '대야동',
  '장대동',
  '삼전동',
  '산본동',
  '대봉동',
  '마장동',
  '금천동',
  '다대동',
  '남성동',
  '길동',
  '등촌동',
  '장기동',
  '월평동',
  '봉방동',
  '행당동',
  '동대동',
  '서대신동3가',
  '성석동',
  '송촌동',
  '광천동',
  '학장동',
  '석사동',
  '당리동',
  '공덕동',
  '옥산동',
  '중계동',
  '방림동',
  '두정동',
  '용운동',
  '금정동',
  '천곡동',
  '오금동',
  '서홍동',
  '복산동',
  '사림동',
  '토당동',
  '옥봉동',
  '임동',
  '동대신동2가',
  '쌍용동',
  '내곡동',
  '용답동',
  '개운동',
  '나운동',
  '복현동',
  '서상동',
  '용정동',
  '괴안동',
  '월곡동',
  '연향동',
  '능동',
  '염리동',
  '용계동',
  '소하동',
  '장항동',
  '반포동',
  '대포동',
  '소태동',
  '덕암동',
  '진천동',
  '문수동',
  '수영동',
  '옥련동',
  '두산동',
  '신탄진동',
  '덕계동',
  '구평동',
  '덕진동1가',
  '인의동',
  '궁동',
  '형곡동',
  '송천동1가',
  '박달동',
  '원곡동',
  '서둔동',
  '장동',
  '자산동',
  '소룡동',
  '조촌동',
  '국동',
  '성동동',
  '남양동',
  '다운동',
  '파장동',
  '취암동',
  '삼도이동',
  '고색동',
  '용해동',
  '부사동',
  '삼호동',
  '모현동1가',
  '초장동',
  '청담동',
  '용흥동',
  '파동',
  '조례동',
  '탄방동',
  '엄궁동',
  '죽림동',
  '우아동3가',
  '주교동',
  '경안동',
  '수송동',
  '덕이동',
  '경암동',
  '수색동',
  '철산동',
  '금오동',
  '화장동',
  '퇴계동',
  '명동',
  '풍덕동',
  '평창동',
  '외동',
  '용담일동',
  '양산동',
  '용화동',
  '남정동',
  '통복동',
  '김량장동',
  '용원동',
  '벌리동',
  '진평동',
  '우정동',
  '소사동',
  '가리봉동',
  '성안동',
  '용산동2가',
  '칠성동2가',
  '원당동',
  '풍향동',
  '봉황동',
  '월영동',
  '동교동',
  '황학동',
  '동동',
  '신흑동',
  '동대신동3가',
  '가장동',
  '신관동',
  '부원동',
  '아현동',
  '신봉동',
  '반지동',
  '건입동',
  '증산동',
  '교방동',
  '문흥동',
  '금동',
  '북정동',
  '우두동',
  '문창동',
  '사파동',
  '송학동',
  '화북일동',
  '서대신동2가',
  '인사동',
  '북신동',
  '서서학동',
  '내손동',
  '동상동',
  '창천동',
  '송죽동',
  '역곡동',
  '도천동',
  '동호동',
  '행신동',
  '도산동',
  '하동',
  '평거동',
  '대사동',
  '어방동',
  '완산동',
  '지곡동',
  '노원동2가',
  '인창동',
  '평촌동',
  '가산동',
  '광무동',
  '삼동',
  '별내동',
  '신수동',
  '회성동',
  '관산동',
  '미평동',
  '율량동',
  '보수동1가',
  '구운동',
  '선구동',
  '지저동',
  '석현동',
  '정량동',
  '산남동',
  '개포동',
  '흥덕동',
  '신갈동',
  '대잠동',
  '신현동',
  '완월동',
  '관설동',
  '도량동',
  '본동',
  '세교동',
  '학산동',
  '북부동',
  '성곡동',
  '월피동',
  '춘의동',
  '장천동',
  '정상동',
  '삼계동',
  '연암동',
  '동패동',
  '황성동',
  '도계동',
  '충효동',
  '묵호진동',
  '관음동',
  '황오동',
  '상패동',
  '정하동',
  '평산동',
  '영천동',
  '신선동2가',
  '지현동',
  '원대동3가',
  '덕진동2가',
  '임당동',
  '향촌동',
  '안녕동',
  '가정동',
  '사우동',
  '검사동',
  '범전동',
  '선원동',
  '영선동4가',
  '경서동',
  '칠암동',
  '옥암동',
  '옥룡동',
  '조곡동',
  '고덕동',
  '향교동',
  '효자동2가',
  '내유동',
  '율전동',
  '성사동',
  '팔복동2가',
  '작동',
  '입석동',
  '야당동',
  '상암동',
  '우이동',
  '동금동',
  '수동',
  '오동동',
  '신음동',
  '둔산동',
  '동대신동1가',
  '비래동',
  '풍암동',
  '판암동',
  '신선동3가',
  '화수동',
  '이도일동',
  '영운동',
  '설문동',
  '마전동',
  '과림동',
  '봉선동',
  '홍도동',
  '광영동',
  '궐동',
  '입암동',
  '무전동',
  '모암동',
  '운천동',
  '선암동',
  '둔촌동',
  '계수동',
  '풍동',
  '화명동',
  '호근동',
  '유동',
  '대부북동',
  '아라일동',
  '이곡동',
  '장평동',
  '남노송동',
  '월성동',
  '만석동',
  '풍덕천동',
  '다가동',
  '소촌동',
  '중부동',
  '서계동',
  '유곡동',
  '사곡동',
  '검암동',
  '거모동',
  '일패동',
  '역북동',
  '소답동',
  '중문동',
  '자은동',
  '평택동',
  '인제동',
  '중앙로2가',
  '회기동',
  '봉암동',
  '대부남동',
  '삼학동',
  '성황동',
  '구성동',
  '하효동',
  '도통동',
  '권곡동',
  '식사동',
  '고암동',
  '평동',
  '매교동',
  '석동',
  '운북동',
  '내발산동',
  '신용동',
  '마두동',
  '주현동',
  '양림동',
  '도동',
  '도원동',
  '진안동',
  '검단동',
  '구미동',
  '무실동',
  '선단동',
  '칠산동',
  '수성동1가',
  '신방동',
  '장승포동',
  '녹양동',
  '봉래동5가',
  '금사동',
  '안산동',
  '수성동2가',
  '금호동3가',
  '운남동',
  '대안동',
  '남촌동',
  '노고산동',
  '석림동',
  '북변동',
  '남현동',
  '능포동',
  '이로동',
  '송산동',
  '청호동',
  '동서학동',
  '구룡동',
  '공화동',
  '관동동',
  '을왕동',
  '문학동',
  '명륜3가',
  '동충동',
  '마평동',
  '수성동4가',
  '고기동',
  '내일동',
  '봉래동4가',
  '삼송동',
  '왕길동',
  '당정동',
  '영통동',
  '가수원동',
  '소제동',
  '오전동',
  '삼선동1가',
  '칠금동',
  '상지석동',
  '야탑동',
  '노학동',
  '동림동',
  '덕은동',
  '검산동',
  '의림동',
  '저전동',
  '호동',
  '약사동',
  '근화동',
  '신내동',
  '효창동',
  '일원동',
  '충무동',
  '지금동',
  '부창동',
  '서산동',
  '대교동',
  '낙양동',
  '외도일동',
  '초이동',
  '이창동',
  '곡반정동',
  '금성동',
  '화봉동',
  '야사동',
  '수안동',
  '서노송동',
  '안흥동',
  '원천동',
  '석봉동',
  '법환동',
  '임학동',
  '고림동',
  '동부동',
  '중대동',
  '평화동1가',
  '아주동',
  '복수동',
  '감북동',
  '신효동',
  '일곡동',
  '동외동',
  '신도림동',
  '복정동',
  '대자동',
  '오식도동',
  '분평동',
  '모종동',
  '서운동',
  '남동',
  '연등동',
  '상효동',
  '유방동',
  '장락동',
  '비하동',
  '명일동',
  '대장동',
  '보목동',
  '갈매동',
  '서대신동1가',
  '과천동',
  '사리현동',
  '한강로3가',
  '초전동',
  '서문동',
  '단월동',
  '두호동',
  '보정동',
  '하대원동',
  '부송동',
  '도곡동',
  '수완동',
  '비아동',
  '대부동동',
  '염포동',
  '신대동',
  '덕정동',
  '호산동',
  '중촌동',
  '소계동',
  '충신동',
  '채운동',
  '정림동',
  '영랑동',
  '상도1동',
  '목현동',
  '청림동',
  '하왕십리동',
  '청파동1가',
  '동두천동',
  '두구동',
  '인화동1가',
  '공평동',
  '봉림동',
  '풍무동',
  '오라이동',
  '화목동',
  '당하동',
  '지좌동',
  '서변동',
  '일도일동',
  '태인동',
  '상예동',
  '광암동',
  '대곡동',
  '하안동',
  '치평동',
  '관문동',
  '상월곡동',
  '덕충동',
  '목행동',
  '상망동',
  '무양동',
  '방산동',
  '화북이동',
  '당산동1가',
  '진장동',
  '삼각동',
  '월암동',
  '범물동',
  '신성동',
  '보산동',
  '행구동',
  '지축동',
  '진월동',
  '금릉동',
  '문원동',
  '화지동',
  '고양동',
  '송천동2가',
  '명천동',
  '신서동',
  '영동',
  '동인동4가',
  '금호동4가',
  '인평동',
  '금강동',
  '법곳동',
  '개신동',
  '안기동',
  '전동',
  '구갈동',
  '수석동',
  '본리동',
  '봉평동',
  '판교동',
  '청룡동',
  '동인동3가',
  '관고동',
  '잠원동',
  '신선동1가',
  '원내동',
  '철암동',
  '사천동',
  '계동',
  '양평동1가',
  '장사동',
  '문발동',
  '교촌동',
  '효가동',
  '동춘동',
  '장지동',
  '일신동',
  '탄벌동',
  '동삭동',
  '서흥남동',
  '안현동',
  '천동',
  '평내동',
  '안서동',
  '동완산동',
  '평화동2가',
  '금호동1가',
  '도농동',
  '사근동',
  '미산동',
  '노온사동',
  '죽동',
  '대원동',
  '동현동',
  '약대동',
  '호평동',
  '신영동',
  '단대동',
  '봉래동',
  '경장동',
  '성호동',
  '하산곡동',
  '종화동',
  '달천동',
  '중앙동3가',
  '공단동',
  '여월동',
  '초지동',
  '양지동',
  '서성동',
  '지행동',
  '역동',
  '여의동',
  '서창동',
  '해망동',
  '송포동',
  '홍문동',
  '방축동',
  '용담동',
  '영등포동',
  '북동',
  '송월동',
  '회동동',
  '천현동',
  '장암동',
  '소호동',
  '감정동',
  '오룡동',
  '봉강동',
  '아동동',
  '칠성동1가',
  '하소동',
  '태백동',
  '호남동',
  '운서동',
  '장수동',
  '금학동',
  '봉양동',
  '녹산동',
  '남문동',
  '조영동',
  '분당동',
  '남부동',
  '온의동',
  '하원동',
  '상수동',
  '항동',
  '여서동',
  '복천동',
  '안동',
  '삼북동',
  '상모동',
  '지영동',
  '수청동',
  '영덕동',
  '원효로1가',
  '노원동1가',
  '상동동',
  '용동',
  '복룡동',
  '미수동',
  '명정동',
  '소주동',
  '지내동',
  '남항동3가',
  '반곡동',
  '예천동',
  '전민동',
  '신매동',
  '황남동',
  '각화동',
  '가운동',
  '대청동4가',
  '아라이동',
  '덕산동',
  '문래동4가',
  '왕정동',
  '삼양일동',
  '오목천동',
  '이패동',
  '옥길동',
  '월곶동',
  '당저동',
  '우아동2가',
  '운교동',
  '여천동',
  '송천동',
  '덕곡동',
  '어양동',
  '서석동',
  '관저동',
  '덕월동',
  '남창동',
  '관교동',
  '건건동',
  '율동',
  '용이동',
  '인동',
  '대청동',
  '중앙동2가',
  '달성동',
  '주약동',
  '안림동',
  '동숭동',
  '어곡동',
  '판문동',
  '매산로3가',
  '동백동',
  '이충동',
  '서현동',
  '현천동',
  '문봉동',
  '옥교동',
  '충정로3가',
  '수성동3가',
  '지족동',
  '현암동',
  '이화동',
  '묘도동',
  '계양동',
  '관평동',
  '주중동',
  '신설동',
  '노서동',
  '냉림동',
  '금노동',
  '대덕동',
  '화평동',
  '낙민동',
  '도내동',
  '미룡동',
  '황상동',
  '안암동5가',
  '염창동',
  '국우동',
  '운중동',
  '고소동',
  '선학동',
  '성화동',
  '도일동',
  '장덕동',
  '시래동',
  '창인동1가',
  '대정동',
  '항남동',
  '가학동',
  '흥동',
  '노은동',
  '감일동',
  '낭월동',
  '유촌동',
  '시지동',
  '중앙동4가',
  '삼천동3가',
  '오태동',
  '학정동',
  '고사동',
  '장충동2가',
  '온금동',
  '호암동',
  '봉개동',
  '상산곡동',
  '항동7가',
  '회덕동',
  '고매동',
  '둔덕동',
  '연제동',
  '상서동',
  '중앙동1가',
  '백천동',
  '안골동',
  '운양동',
  '동빙고동',
  '구기동',
  '신원동',
  '가현동',
  '신흥동3가',
  '강남동',
  '사노동',
  '원대동1가',
  '상일동',
  '마륵동',
  '팔복동1가',
  '옥야동',
  '북성동1가',
  '행촌동',
  '실옥동',
  '매천동',
  '양천동',
  '삼숭동',
  '고성동1가',
  '임은동',
  '천천동',
  '우아동1가',
  '벽제동',
  '당산동3가',
  '구정동',
  '상봉암동',
  '청파동3가',
  '본촌동',
  '삼천동2가',
  '죽항동',
  '남방동',
  '동광동5가',
  '중학동',
  '상하동',
  '정동',
  '영성동',
  '사농동',
  '문외동',
  '하예동',
  '도순동',
  '삼양이동',
  '소양로2가',
  '광평동',
  '가오동',
  '해안동',
  '신문동',
  '삼청동',
  '고천동',
  '마북동',
  '영산동',
  '고산동',
  '인왕동',
  '광장동',
  '낙원동',
  '경호동',
  '부민동3가',
  '삼선동2가',
  '내방동',
  '삼덕동3가',
  '춘궁동',
  '수월동',
  '신흥동1가',
  '대인동',
  '인화동2가',
  '설운동',
  '불당동',
  '점봉동',
  '매화동',
  '송월동1가',
  '주남동',
  '신백동',
  '병점동',
  '도련일동',
  '안막동',
  '색달동',
  '녹동역',
  '소태역',
  '증심사입구역',
  '남광주역',
  '문화전당역',
  '금남로4가역',
  '금남로5가역',
  '양동시장역',
  '돌고개역',
  '농성역',
  '화정역',
  '쌍촌역',
  '운천역',
  '상무역',
  '김대중컨벤션센터역',
  '마륵역',
  '공항역',
  '송정공원역',
  '광주송정역',
  '도산역',
  '평동역',
  '반석역',
  '지족역',
  '노은역',
  '월드컵경기장역',
  '현충원역',
  '구암역',
  '유성온천역',
  '갑천역',
  '월평역',
  '갈마역',
  '정부청사역',
  '시청역',
  '탄방역',
  '용문역',
  '오룡역',
  '서대전네거리역',
  '중구청역',
  '중앙로역',
  '대전역',
  '대동역',
  '신흥역',
  '문양역',
  '다사역',
  '대실역',
  '강창역',
  '계명대역',
  '성서산업단지역',
  '이곡역',
  '용산역',
  '죽전역',
  '감삼역',
  '두류역',
  '내당역',
  '반고개역',
  '신남역',
  '반월당역',
  '경대병원역',
  '대구은행역',
  '범어역',
  '수성구청역',
  '만촌역',
  '담티역',
  '연호역',
  '대공원역',
  '고산역',
  '신매역',
  '사월역',
  '정평역',
  '임당역',
  '영남대역',
  '학정역',
  '팔거역',
  '동천역',
  '칠곡운암역',
  '구암역',
  '태전역',
  '매천역',
  '매천시장역',
  '팔달역',
  '공단역',
  '만평역',
  '팔달시장역',
  '원대역',
  '북구청역',
  '달성공원역',
  '서문시장역',
  '신남역',
  '남산역',
  '명덕역',
  '건들바위역',
  '대봉교역',
  '수성시장역',
  '수성구민운동장역',
  '어린이회관역',
  '황금역',
  '수성못역',
  '지산역',
  '범물역',
  '용지역',
  '대곡역',
  '진천역',
  '월배역',
  '상인역',
  '월촌역',
  '송현역',
  '성당못역',
  '대명역',
  '안지랑역',
  '현충로역',
  '영대병원역',
  '교대역',
  '명덕역',
  '반월당역',
  '중앙로역',
  '대구역',
  '칠성시장역',
  '신천역',
  '경북대입구역',
  '경대입구역',
  '동대구역',
  '큰고개역',
  '아양교역',
  '동촌역',
  '해안역',
  '방촌역',
  '용계역',
  '율하역',
  '신기역',
  '반야월역',
  '각산역',
  '안심역',
  '가능역',
  '가락시장역',
  '가산디지털단지역',
  '가양역',
  '가좌역',
  '가천대역',
  '가평역',
  '간석역',
  '간석오거리역',
  '갈매역',
  '갈산역',
  '강남역',
  '강남구청역',
  '강남대역',
  '강동역',
  '강동구청역',
  '강매역',
  '강변역',
  '강촌역',
  '개롱역',
  '개봉역',
  '개포동역',
  '개화역',
  '개화산역',
  '거여역',
  '건대입구역',
  '검암역',
  '경기도청북부청사역',
  '경마공원역',
  '경복궁역',
  '경인교대입구역',
  '경전철의정부역',
  '경찰병원역',
  '계산역',
  '계양역',
  '고덕역',
  '고려대역',
  '고속터미널역',
  '고잔역',
  '고진역',
  '곡산역',
  '곤제역',
  '공덕역',
  '공릉역',
  '공항시장역',
  '공항화물청사역',
  '과천역',
  '관악역',
  '광나루역',
  '광명역',
  '광명사거리역',
  '광운대역',
  '광화문역',
  '광흥창역',
  '교대역',
  '구로역',
  '구로디지털단지역',
  '구룡역',
  '구리역',
  '구반포역',
  '구산역',
  '구성역',
  '구의역',
  '구일역',
  '구파발역',
  '국수역',
  '국제업무지구역',
  '국회의사당역',
  '군자역',
  '군포역',
  '굴봉산역',
  '굴포천역',
  '굽은다리역',
  '귤현역',
  '금곡역',
  '금릉역',
  '금정역',
  '금천구청역',
  '금촌역',
  '금호역',
  '기흥역',
  '길동역',
  '길음역',
  '김량장역',
  '김유정역',
  '김포공항역',
  '까치산역',
  '까치울역',
  '낙성대역',
  '남구로역',
  '남동인더스파크역',
  '남부터미널역',
  '남성역',
  '남영역',
  '남춘천역',
  '남태령역',
  '남한산성입구역',
  '내방역',
  '노들역',
  '노량진역',
  '노량진역',
  '9호선역',
  '노원역',
  '녹번역',
  '녹사평역',
  '녹양역',
  '녹천역',
  '논현역',
  '능곡역',
  '단대오거리역',
  '달월역',
  '답십리역',
  '당고개역',
  '당산역',
  '당정역',
  '대곡역',
  '대공원역',
  '대림역',
  '대모산입구역',
  '대방역',
  '대성리역',
  '대야미역',
  '대청역',
  '대치역',
  '대화역',
  '대흥역',
  '덕계역',
  '덕소역',
  '덕정역',
  '도곡역',
  '도농역',
  '도림천역',
  '도봉역',
  '도봉산역',
  '도심역',
  '도원역',
  '도화역',
  '독립문역',
  '독바위역',
  '독산역',
  '돌곶이역',
  '동대문역',
  '동대문역사문화공원역',
  '동대입구역',
  '동두천역',
  '동두천중앙역',
  '동막역',
  '동묘앞역',
  '동백역',
  '동수역',
  '동암역',
  '동오역',
  '동인천역',
  '동작역',
  '동춘역',
  '두정역',
  '둔전역',
  '둔촌동역',
  '등촌역',
  '디지털미디어시티역',
  '뚝섬역',
  '뚝섬유원지역',
  '마곡역',
  '마곡나루역',
  '마두역',
  '마들역',
  '마석역',
  '마장역',
  '마전역',
  '무정차역',
  '마천역',
  '마포역',
  '마포구청역',
  '망우역',
  '망원역',
  '망월사역',
  '망포역',
  '매교역',
  '매봉역',
  '매탄권선역',
  '먹골역',
  '면목역',
  '명동역',
  '명일역',
  '명지대역',
  '명학역',
  '모란역',
  '목동역',
  '몽촌토성역',
  '무악재역',
  '문래역',
  '문산역',
  '문정역',
  '문학경기장역',
  '미금역',
  '미아역',
  '미아사거리역',
  '박촌역',
  '반월역',
  '반포역',
  '발곡역',
  '발산역',
  '방배역',
  '방이역',
  '방학역',
  '방화역',
  '배방역',
  '백마역',
  '백석역',
  '백양리역',
  '백운역',
  '버티고개역',
  '범계역',
  '범골역',
  '별내역',
  '병점역',
  '보라매역',
  '보문역',
  '보산역',
  '보정역',
  '보평역',
  '복정역',
  '봉명역',
  '봉은사역',
  '봉천역',
  '봉화산역',
  '부개역',
  '부천역',
  '부천시청역',
  '부천종합운동장역',
  '부평역',
  '부평구청역',
  '부평삼거리역',
  '부평시장역',
  '불광역',
  '사가정역',
  '사당역',
  '사릉역',
  '사평역',
  '산본역',
  '산성역',
  '삼가역',
  '삼각지역',
  '삼산체육관역',
  '삼성역',
  '삼성중앙역',
  '삼송역',
  '상갈역',
  '상계역',
  '상도역',
  '상동역',
  '상록수역',
  '상봉역',
  '상수역',
  '상왕십리역',
  '상월곡역',
  '상일동역',
  '상천역',
  '새말역',
  '새절역',
  '샛강역',
  '서강대역',
  '서대문역',
  '서동탄역',
  '서빙고역',
  '서울역',
  '서울역',
  '경의중앙선역',
  '서울대입구역',
  '서울숲역',
  '서정리역',
  '서초역',
  '서현역',
  '석계역',
  '석수역',
  '석촌역',
  '선릉역',
  '선바위역',
  '선유도역',
  '선정릉역',
  '선학역',
  '성균관대역',
  '성수역',
  '성신여대입구역',
  '성환역',
  '세류역',
  '세마역',
  '센트럴파크역',
  '소래포구역',
  '소사역',
  '소요산역',
  '송내역',
  '송도역',
  '송산역',
  '송정역',
  '송탄역',
  '송파역',
  '수내역',
  '수락산역',
  '수리산역',
  '수색역',
  '수서역',
  '수원역',
  '수원시청역',
  '수유역',
  '수진역',
  '숙대입구역',
  '숭실대입구역',
  '시청역',
  '용인대역',
  '신갈역',
  '신금호역',
  '신길역',
  '신길온천역',
  '신내역',
  '신논현역',
  '신답역',
  '신당역',
  '신대방역',
  '신대방삼거리역',
  '신도림역',
  '신림역',
  '신목동역',
  '신반포역',
  '신방화역',
  '신사역',
  '신설동역',
  '신연수역',
  '신용산역',
  '신원역',
  '신이문역',
  '신정역',
  '신정네거리역',
  '신중동역',
  '신창역',
  '신천역',
  '신촌역',
  '신촌역',
  '경의중앙선역',
  '신풍역',
  '신흥역',
  '쌍문역',
  '쌍용역',
  '나사렛대역',
  '아산역',
  '아신역',
  '아차산역',
  '아현역',
  '안국역',
  '안산역',
  '안암역',
  '안양역',
  '암사역',
  '압구정역',
  '압구정로데오역',
  '애오개역',
  '야탑역',
  '약수역',
  '양수역',
  '양원역',
  '양재역',
  '양재시민의숲역',
  '양정역',
  '양주역',
  '양천구청역',
  '양천향교역',
  '양평역',
  '양평역',
  '경의중앙선역',
  '어룡역',
  '어린이대공원역',
  '어정역',
  '언주역',
  '여의나루역',
  '여의도역',
  '역곡역',
  '역삼역',
  '역촌역',
  '연수역',
  '연신내역',
  '염창역',
  '영등포역',
  '영등포구청역',
  '영등포시장역',
  '영통역',
  '예술회관역',
  '오금역',
  '오류동역',
  '오리역',
  '오목교역',
  '오빈역',
  '오산역',
  '오산대역',
  '오이도역',
  '옥수역',
  '온수역',
  '온양온천역',
  '올림픽공원역',
  '왕십리역',
  '외대앞역',
  '용답역',
  '용두역',
  '용마산역',
  '용문역',
  '용산역',
  '우장산역',
  '운길산역',
  '운동장·송담대역',
  '운서역',
  '운정역',
  '원당역',
  '원덕역',
  '원인재역',
  '원흥역',
  '월계역',
  '월곡역',
  '월곶역',
  '월드컵경기장역',
  '월롱역',
  '을지로3가역',
  '을지로4가역',
  '을지로입구역',
  '응봉역',
  '응암역',
  '의왕역',
  '의정부역',
  '의정부시청역',
  '의정부중앙역',
  '이대역',
  '이매역',
  '이촌역',
  '이태원역',
  '인덕원역',
  '인천역',
  '인천국제공항역',
  '인천논현역',
  '인천대입구역',
  '인천시청역',
  '인천터미널역',
  '일산역',
  '일원역',
  '임학역',
  '작전역',
  '잠실역',
  '잠실나루역',
  '잠원역',
  '장승배기역',
  '장암역',
  '장지역',
  '장한평역',
  '전대·에버랜드역',
  '정발산역',
  '정부과천청사역',
  '정왕역',
  '정자역',
  '제기동역',
  '제물포역',
  '종각역',
  '종로3가역',
  '종로5가역',
  '종합운동장역',
  '주안역',
  '주엽역',
  '죽전역',
  '중계역',
  '중곡역',
  '중동역',
  '중랑역',
  '중앙역',
  '중화역',
  '증미역',
  '증산역',
  '지석역',
  '지식정보단지역',
  '지제역',
  '지축역',
  '지행역',
  '직산역',
  '진위역',
  '창동역',
  '창신역',
  '천마산역',
  '천안역',
  '천왕역',
  '천호역',
  '철산역',
  '청계산입구역',
  '청구역',
  '청담역',
  '청라국제도시역',
  '청량리역',
  '청명역',
  '청평역',
  '초당역',
  '초지역',
  '총신대입구역',
  '이수역',
  '춘의역',
  '춘천역',
  '충무로역',
  '충정로역',
  '캠퍼스타운역',
  '탄현역',
  '탑석역',
  '탕정역',
  '태릉입구역',
  '태평역',
  '테크노파크역',
  '퇴계원역',
  '파주역',
  '판교역',
  '팔당역',
  '평내호평역',
  '평촌역',
  '평택역',
  '풍기역',
  '풍산역',
  '하계역',
  '학동역',
  '학여울역',
  '한강진역',
  '한남역',
  '한대앞역',
  '한성대입구역',
  '한양대역',
  '한티역',
  '합정역',
  '행당역',
  '행신역',
  '혜화역',
  '호구포역',
  '홍대입구역',
  '홍제역',
  '화곡역',
  '화랑대역',
  '화서역',
  '화전역',
  '화정역',
  '회기역',
  '회룡역',
  '회현역',
  '효자역',
  '효창공원앞역',
  '흑석역',
  '흥선역',
  '미남역',
  '동래역',
  '수안역',
  '낙민역',
  '충렬사역',
  '명장역',
  '서동역',
  '금사역',
  '반여농산물시장역',
  '석대역',
  '영산대역',
  '동부산대학교역',
  '고촌역',
  '안평역',
  '수영역',
  '망미역',
  '배산역',
  '물만골역',
  '연산역',
  '거제역',
  '종합운동장역',
  '사직역',
  '미남역',
  '만덕역',
  '남산정역',
  '숙등역',
  '덕천역',
  '구포역',
  '강서구청역',
  '체육공원역',
  '대저역',
  '장산역',
  '중동역',
  '해운대역',
  '동백역',
  '시립미술관역',
  '센텀시티역',
  '민락역',
  '수영역',
  '광안역',
  '금련산역',
  '남천역',
  '경성대역',
  '부경대역',
  '대연역',
  '못골역',
  '지게골역',
  '문현역',
  '국제금융센터역',
  '부산은행역',
  '전포역',
  '서면역',
  '부암역',
  '가야역',
  '동의대역',
  '개금역',
  '냉정역',
  '주례역',
  '감전역',
  '사상역',
  '덕포역',
  '모덕역',
  '모라역',
  '구남역',
  '구명역',
  '덕천역',
  '수정역',
  '화명역',
  '율리역',
  '동원역',
  '금곡역',
  '호포역',
  '부산대양산캠퍼스역',
  '남양산역',
  '양산역',
  '신평역',
  '하단역',
  '당리역',
  '사하역',
  '괴정역',
  '대티역',
  '서대신역',
  '동대신역',
  '토성역',
  '자갈치역',
  '남포역',
  '중앙역',
  '부산역',
  '초량역',
  '부산진역',
  '좌천역',
  '범일역',
  '범내골역',
  '서면역',
  '부전역',
  '양정역',
  '시청역',
  '연산역',
  '교대역',
  '동래역',
  '명륜역',
  '온천장역',
  '부산대역',
  '장전역',
  '구서역',
  '두실역',
  '남산역',
  '범어사역',
  '노포역' ]
T: 2015-10-07 22:10:21 #4 Log
2048
T: 2015-10-07 22:10:43 #5 Log
place count : 2048
T: 2015-10-07 22:10:51 #6 Log
place count : 2048
T: 2015-10-07 22:35:33 #7 Log
place count : 2048
T: 2015-10-07 22:36:05 #8 Log
place count : 2048
T: 2015-10-07 22:38:42 #9 Log

/Users/mac/Project/date-place/crawl_main.js:7
over = function(a,b, c = 1) {
                       ^
SyntaxError: Unexpected token =
    at Module._compile (module.js:439:25)
    at Object.Module._extensions..js (module.js:474:10)
    at Module.load (module.js:356:32)
    at Function.Module._load (module.js:312:12)
    at Function.Module.runMain (module.js:497:10)
    at startup (node.js:119:16)
    at node.js:906:3
T: 2015-10-07 22:39:10 #10 Log
place count : 2048
c is : 3
6
c is : undefined
NaN
T: 2015-10-07 22:40:18 #11 Log
place count : 2048
c is : 3
6
c is : undefined
NaN
T: 2015-10-07 22:40:27 #12 Log
place count : 2048
c is : 3
6
c is : undefined
NaN
T: 2015-10-07 22:44:10 #13 Log
place count : 2048
c is : 3
6
c is : undefined
NaN
T: 2015-10-07 22:45:38 #14 Log
place count : 2048
T: 2015-10-07 22:46:30 #15 Log
place count : 2048

module.js:340
    throw err;
          ^
Error: Cannot find module 'google_search/google-crawler.js'
    at Function.Module._resolveFilename (module.js:338:15)
    at Function.Module._load (module.js:280:25)
    at Module.require (module.js:364:17)
    at require (module.js:380:17)
    at Object.<anonymous> (/Users/mac/Project/date-place/crawl_main.js:13:10)
    at Module._compile (module.js:456:26)
    at Object.Module._extensions..js (module.js:474:10)
    at Module.load (module.js:356:32)
    at Function.Module._load (module.js:312:12)
    at Function.Module.runMain (module.js:497:10)
T: 2015-10-07 22:59:29 #16 Log
place count : 2048

module.js:340
    throw err;
          ^
Error: Cannot find module 'google/google-search.js'
    at Function.Module._resolveFilename (module.js:338:15)
    at Function.Module._load (module.js:280:25)
    at Module.require (module.js:364:17)
    at require (module.js:380:17)
    at Object.<anonymous> (/Users/mac/Project/date-place/crawl_main.js:13:10)
    at Module._compile (module.js:456:26)
    at Object.Module._extensions..js (module.js:474:10)
    at Module.load (module.js:356:32)
    at Function.Module._load (module.js:312:12)
    at Function.Module.runMain (module.js:497:10)
T: 2015-10-07 22:59:38 #17 Log
place count : 2048
usage : node google-crawler.js 'search query' page_num url_list_file
T: 2015-10-07 23:01:17 #18 Log
place count : 2048
T: 2015-10-07 23:01:57 #19 Log
place count : 2048
T: 2015-10-07 23:02:08 #20 Log
place count : 2048
T: 2015-10-07 23:03:06 #21 Log
place count : 2048
http://www.hellobrain.eu/

http://www.hello-products.com/

http://hellokittycafe.co.kr/index.asp

http://no-mans-sky.com/press/sheet.php?p=no_man's_sky

http://www.hello-hello.com/

https://guides.github.com/activities/hello-world/

https://ko.wiktionary.org/wiki/hello

https://en.wiktionary.org/wiki/hello

https://www.hellobank.fr/

https://namu.wiki/w/Hello,%20world!

crawler saved 1 html page
T: 2015-10-07 23:10:18 #22 Log
place count : 2048
http://www.hellobrain.eu/

http://www.hello-products.com/

http://hellokittycafe.co.kr/index.asp

http://no-mans-sky.com/press/sheet.php?p=no_man's_sky

http://www.hello-hello.com/

https://guides.github.com/activities/hello-world/

https://ko.wiktionary.org/wiki/hello

https://en.wiktionary.org/wiki/hello

https://www.hellobank.fr/

https://namu.wiki/w/Hello,%20world!

crawler saved 1 html page
T: 2015-10-07 23:10:51 #23 Log
place count : 2048
http://www.hellobrain.eu/

http://www.hello-products.com/

http://hellokittycafe.co.kr/index.asp

http://no-mans-sky.com/press/sheet.php?p=no_man's_sky

http://www.hello-hello.com/

https://guides.github.com/activities/hello-world/

https://ko.wiktionary.org/wiki/hello

https://en.wiktionary.org/wiki/hello

https://www.hellobank.fr/

https://namu.wiki/w/Hello,%20world!

crawler saved 1 html page
T: 2015-10-07 23:18:48 #24 Log

module.js:340
    throw err;
          ^
Error: Cannot find module 'sqlite3'
    at Function.Module._resolveFilename (module.js:338:15)
    at Function.Module._load (module.js:280:25)
    at Module.require (module.js:364:17)
    at require (module.js:380:17)
    at Object.<anonymous> (/Users/mac/Project/date-place/blog_url_crawler.js:9:15)
    at Module._compile (module.js:456:26)
    at Object.Module._extensions..js (module.js:474:10)
    at Module.load (module.js:356:32)
    at Function.Module._load (module.js:312:12)
    at Function.Module.runMain (module.js:497:10)
T: 2015-10-07 23:19:36 #25 Log

module.js:340
    throw err;
          ^
Error: Cannot find module 'semver'
    at Function.Module._resolveFilename (module.js:338:15)
    at Function.Module._load (module.js:280:25)
    at Module.require (module.js:364:17)
    at require (module.js:380:17)
    at Object.<anonymous> (/Users/mac/Project/date-place/node_modules/sqlite3/node_modules/node-pre-gyp/lib/util/versioning.js:6:14)
    at Module._compile (module.js:456:26)
    at Object.Module._extensions..js (module.js:474:10)
    at Module.load (module.js:356:32)
    at Function.Module._load (module.js:312:12)
    at Module.require (module.js:364:17)
T: 2015-10-07 23:19:45 #26 Log

module.js:356
  Module._extensions[extension](this, filename);
                               ^
Error: dlopen(/Users/mac/Project/date-place/node_modules/sqlite3/lib/binding/node-v11-darwin-x64/node_sqlite3.node, 1): no suitable image found.  Did find:
	/Users/mac/Project/date-place/node_modules/sqlite3/lib/binding/node-v11-darwin-x64/node_sqlite3.node: truncated mach-o error: segment __TEXT extends to 1249280 which is past end of file 44544
    at Module.load (module.js:356:32)
    at Function.Module._load (module.js:312:12)
    at Module.require (module.js:364:17)
    at require (module.js:380:17)
    at Object.<anonymous> (/Users/mac/Project/date-place/node_modules/sqlite3/lib/sqlite3.js:4:15)
    at Module._compile (module.js:456:26)
    at Object.Module._extensions..js (module.js:474:10)
    at Module.load (module.js:356:32)
    at Function.Module._load (module.js:312:12)
    at Module.require (module.js:364:17)
T: 2015-10-07 23:19:48 #27 Log

module.js:356
  Module._extensions[extension](this, filename);
                               ^
Error: dlopen(/Users/mac/Project/date-place/node_modules/sqlite3/lib/binding/node-v11-darwin-x64/node_sqlite3.node, 1): no suitable image found.  Did find:
	/Users/mac/Project/date-place/node_modules/sqlite3/lib/binding/node-v11-darwin-x64/node_sqlite3.node: truncated mach-o error: segment __TEXT extends to 1249280 which is past end of file 110592
    at Module.load (module.js:356:32)
    at Function.Module._load (module.js:312:12)
    at Module.require (module.js:364:17)
    at require (module.js:380:17)
    at Object.<anonymous> (/Users/mac/Project/date-place/node_modules/sqlite3/lib/sqlite3.js:4:15)
    at Module._compile (module.js:456:26)
    at Object.Module._extensions..js (module.js:474:10)
    at Module.load (module.js:356:32)
    at Function.Module._load (module.js:312:12)
    at Module.require (module.js:364:17)
T: 2015-10-07 23:19:51 #28 Log

module.js:356
  Module._extensions[extension](this, filename);
                               ^
Error: dlopen(/Users/mac/Project/date-place/node_modules/sqlite3/lib/binding/node-v11-darwin-x64/node_sqlite3.node, 1): no suitable image found.  Did find:
	/Users/mac/Project/date-place/node_modules/sqlite3/lib/binding/node-v11-darwin-x64/node_sqlite3.node: truncated mach-o error: segment __TEXT extends to 1249280 which is past end of file 177152
    at Module.load (module.js:356:32)
    at Function.Module._load (module.js:312:12)
    at Module.require (module.js:364:17)
    at require (module.js:380:17)
    at Object.<anonymous> (/Users/mac/Project/date-place/node_modules/sqlite3/lib/sqlite3.js:4:15)
    at Module._compile (module.js:456:26)
    at Object.Module._extensions..js (module.js:474:10)
    at Module.load (module.js:356:32)
    at Function.Module._load (module.js:312:12)
    at Module.require (module.js:364:17)
T: 2015-10-07 23:19:53 #29 Log

module.js:356
  Module._extensions[extension](this, filename);
                               ^
Error: dlopen(/Users/mac/Project/date-place/node_modules/sqlite3/lib/binding/node-v11-darwin-x64/node_sqlite3.node, 1): no suitable image found.  Did find:
	/Users/mac/Project/date-place/node_modules/sqlite3/lib/binding/node-v11-darwin-x64/node_sqlite3.node: truncated mach-o error: segment __TEXT extends to 1249280 which is past end of file 239104
    at Module.load (module.js:356:32)
    at Function.Module._load (module.js:312:12)
    at Module.require (module.js:364:17)
    at require (module.js:380:17)
    at Object.<anonymous> (/Users/mac/Project/date-place/node_modules/sqlite3/lib/sqlite3.js:4:15)
    at Module._compile (module.js:456:26)
    at Object.Module._extensions..js (module.js:474:10)
    at Module.load (module.js:356:32)
    at Function.Module._load (module.js:312:12)
    at Module.require (module.js:364:17)
T: 2015-10-07 23:19:55 #30 Log

module.js:356
  Module._extensions[extension](this, filename);
                               ^
Error: dlopen(/Users/mac/Project/date-place/node_modules/sqlite3/lib/binding/node-v11-darwin-x64/node_sqlite3.node, 1): no suitable image found.  Did find:
	/Users/mac/Project/date-place/node_modules/sqlite3/lib/binding/node-v11-darwin-x64/node_sqlite3.node: truncated mach-o error: segment __TEXT extends to 1249280 which is past end of file 303104
    at Module.load (module.js:356:32)
    at Function.Module._load (module.js:312:12)
    at Module.require (module.js:364:17)
    at require (module.js:380:17)
    at Object.<anonymous> (/Users/mac/Project/date-place/node_modules/sqlite3/lib/sqlite3.js:4:15)
    at Module._compile (module.js:456:26)
    at Object.Module._extensions..js (module.js:474:10)
    at Module.load (module.js:356:32)
    at Function.Module._load (module.js:312:12)
    at Module.require (module.js:364:17)
T: 2015-10-07 23:19:57 #31 Log

module.js:356
  Module._extensions[extension](this, filename);
                               ^
Error: dlopen(/Users/mac/Project/date-place/node_modules/sqlite3/lib/binding/node-v11-darwin-x64/node_sqlite3.node, 1): no suitable image found.  Did find:
	/Users/mac/Project/date-place/node_modules/sqlite3/lib/binding/node-v11-darwin-x64/node_sqlite3.node: truncated mach-o error: segment __TEXT extends to 1249280 which is past end of file 367616
    at Module.load (module.js:356:32)
    at Function.Module._load (module.js:312:12)
    at Module.require (module.js:364:17)
    at require (module.js:380:17)
    at Object.<anonymous> (/Users/mac/Project/date-place/node_modules/sqlite3/lib/sqlite3.js:4:15)
    at Module._compile (module.js:456:26)
    at Object.Module._extensions..js (module.js:474:10)
    at Module.load (module.js:356:32)
    at Function.Module._load (module.js:312:12)
    at Module.require (module.js:364:17)
T: 2015-10-07 23:20:01 #32 Log

module.js:356
  Module._extensions[extension](this, filename);
                               ^
Error: dlopen(/Users/mac/Project/date-place/node_modules/sqlite3/lib/binding/node-v11-darwin-x64/node_sqlite3.node, 1): no suitable image found.  Did find:
	/Users/mac/Project/date-place/node_modules/sqlite3/lib/binding/node-v11-darwin-x64/node_sqlite3.node: truncated mach-o error: segment __TEXT extends to 1249280 which is past end of file 431104
    at Module.load (module.js:356:32)
    at Function.Module._load (module.js:312:12)
    at Module.require (module.js:364:17)
    at require (module.js:380:17)
    at Object.<anonymous> (/Users/mac/Project/date-place/node_modules/sqlite3/lib/sqlite3.js:4:15)
    at Module._compile (module.js:456:26)
    at Object.Module._extensions..js (module.js:474:10)
    at Module.load (module.js:356:32)
    at Function.Module._load (module.js:312:12)
    at Module.require (module.js:364:17)
T: 2015-10-07 23:20:03 #33 Log

module.js:356
  Module._extensions[extension](this, filename);
                               ^
Error: dlopen(/Users/mac/Project/date-place/node_modules/sqlite3/lib/binding/node-v11-darwin-x64/node_sqlite3.node, 1): no suitable image found.  Did find:
	/Users/mac/Project/date-place/node_modules/sqlite3/lib/binding/node-v11-darwin-x64/node_sqlite3.node: truncated mach-o error: segment __TEXT extends to 1249280 which is past end of file 502272
    at Module.load (module.js:356:32)
    at Function.Module._load (module.js:312:12)
    at Module.require (module.js:364:17)
    at require (module.js:380:17)
    at Object.<anonymous> (/Users/mac/Project/date-place/node_modules/sqlite3/lib/sqlite3.js:4:15)
    at Module._compile (module.js:456:26)
    at Object.Module._extensions..js (module.js:474:10)
    at Module.load (module.js:356:32)
    at Function.Module._load (module.js:312:12)
    at Module.require (module.js:364:17)
T: 2015-10-07 23:20:05 #34 Log

module.js:356
  Module._extensions[extension](this, filename);
                               ^
Error: dlopen(/Users/mac/Project/date-place/node_modules/sqlite3/lib/binding/node-v11-darwin-x64/node_sqlite3.node, 1): no suitable image found.  Did find:
	/Users/mac/Project/date-place/node_modules/sqlite3/lib/binding/node-v11-darwin-x64/node_sqlite3.node: truncated mach-o error: segment __TEXT extends to 1249280 which is past end of file 607744
    at Module.load (module.js:356:32)
    at Function.Module._load (module.js:312:12)
    at Module.require (module.js:364:17)
    at require (module.js:380:17)
    at Object.<anonymous> (/Users/mac/Project/date-place/node_modules/sqlite3/lib/sqlite3.js:4:15)
    at Module._compile (module.js:456:26)
    at Object.Module._extensions..js (module.js:474:10)
    at Module.load (module.js:356:32)
    at Function.Module._load (module.js:312:12)
    at Module.require (module.js:364:17)
T: 2015-10-07 23:20:07 #35 Log

module.js:356
  Module._extensions[extension](this, filename);
                               ^
Error: dlopen(/Users/mac/Project/date-place/node_modules/sqlite3/lib/binding/node-v11-darwin-x64/node_sqlite3.node, 1): no suitable image found.  Did find:
	/Users/mac/Project/date-place/node_modules/sqlite3/lib/binding/node-v11-darwin-x64/node_sqlite3.node: truncated mach-o error: segment __TEXT extends to 1249280 which is past end of file 712704
    at Module.load (module.js:356:32)
    at Function.Module._load (module.js:312:12)
    at Module.require (module.js:364:17)
    at require (module.js:380:17)
    at Object.<anonymous> (/Users/mac/Project/date-place/node_modules/sqlite3/lib/sqlite3.js:4:15)
    at Module._compile (module.js:456:26)
    at Object.Module._extensions..js (module.js:474:10)
    at Module.load (module.js:356:32)
    at Function.Module._load (module.js:312:12)
    at Module.require (module.js:364:17)
T: 2015-10-07 23:20:14 #36 Log

module.js:356
  Module._extensions[extension](this, filename);
                               ^
Error: dlopen(/Users/mac/Project/date-place/node_modules/sqlite3/lib/binding/node-v11-darwin-x64/node_sqlite3.node, 1): no suitable image found.  Did find:
	/Users/mac/Project/date-place/node_modules/sqlite3/lib/binding/node-v11-darwin-x64/node_sqlite3.node: truncated mach-o error: segment __TEXT extends to 1249280 which is past end of file 1099264
    at Module.load (module.js:356:32)
    at Function.Module._load (module.js:312:12)
    at Module.require (module.js:364:17)
    at require (module.js:380:17)
    at Object.<anonymous> (/Users/mac/Project/date-place/node_modules/sqlite3/lib/sqlite3.js:4:15)
    at Module._compile (module.js:456:26)
    at Object.Module._extensions..js (module.js:474:10)
    at Module.load (module.js:356:32)
    at Function.Module._load (module.js:312:12)
    at Module.require (module.js:364:17)
T: 2015-10-07 23:20:20 #37 Log
place count : 2048
http://www.hello-hello.com/

http://www.hellobrain.eu/

http://www.hello-products.com/

http://hellokittycafe.co.kr/index.asp

http://blogs.windows.com/windowsexperience/2015/03/17/making-windows-10-more-personal-and-more-secure-with-windows-hello/

https://guides.github.com/activities/hello-world/

https://www.hellobank.fr/

https://ko.wiktionary.org/wiki/hello

https://namu.wiki/w/Hello,%20world!

http://www.helloruby.com/about

crawler saved 1 html page
T: 2015-10-07 23:34:57 #38 Log
place count : 2048

events.js:72
        throw er; // Unhandled 'error' event
              ^
Error: SQLITE_MISUSE: Database is closed
    at Database.<anonymous> (/Users/mac/Project/date-place/node_modules/sqlite3/lib/sqlite3.js:20:25)
    at Database.object.(anonymous function) [as prepare] (/Users/mac/Project/date-place/node_modules/sqlite3/lib/trace.js:32:20)
    at /Users/mac/Project/date-place/blog_url_crawler.js:19:16
    at IncomingMessage.<anonymous> (/Users/mac/Project/date-place/google/google-search.js:36:4)
    at IncomingMessage.emit (events.js:117:20)
    at _stream_readable.js:943:16
    at process._tickCallback (node.js:419:13)
T: 2015-10-07 23:35:14 #39 Log
place count : 2048
crawler saved 1 html page

events.js:72
        throw er; // Unhandled 'error' event
              ^
Error: SQLITE_CONSTRAINT: UNIQUE constraint failed: blog.blog_area
T: 2015-10-07 23:35:37 #40 Log
place count : 2048
crawler saved 1 html page

events.js:72
        throw er; // Unhandled 'error' event
              ^
Error: SQLITE_CONSTRAINT: UNIQUE constraint failed: blog.blog_url
T: 2015-10-07 23:35:45 #41 Log
place count : 2048
crawler saved 1 html page

events.js:72
        throw er; // Unhandled 'error' event
              ^
Error: SQLITE_CONSTRAINT: UNIQUE constraint failed: blog.blog_url
T: 2015-10-07 23:36:01 #42 Log
place count : 2048
crawler saved 1 html page

events.js:72
        throw er; // Unhandled 'error' event
              ^
Error: SQLITE_CONSTRAINT: UNIQUE constraint failed: blog.blog_url
T: 2015-10-07 23:36:20 #43 Log
place count : 2048
crawler saved 1 html page
T: 2015-10-07 23:36:55 #44 Log
place count : 2048
crawler saved 1 html page
T: 2015-10-07 23:37:24 #45 Log
place count : 2048
crawler saved 1 html page

events.js:72
        throw er; // Unhandled 'error' event
              ^
Error: SQLITE_CONSTRAINT: UNIQUE constraint failed: blog.blog_url
